Starting Build at 22:33:43.43 
DROP VIEW
CREATE VIEW
ALTER TABLE
CREATE FUNCTION
ALTER FUNCTION
psql:../transition/03-administrative_getParcelShare.sql:1: ERROR:  cannot drop function administrative.get_parcel_share(character varying) because other objects depend on it
DETAIL:  view application.systematic_registration_certificates depends on function administrative.get_parcel_share(character varying)
HINT:  Use DROP ... CASCADE to drop the dependent objects too.
CREATE FUNCTION
ALTER FUNCTION
psql:../transition/04-ApplicationNote.sql:1: ERROR:  duplicate key value violates unique constraint "administrative_source_type_pkey"
DETAIL:  Key (code)=(note) already exists.
UPDATE 1
DROP TABLE
psql:../transition/06-party_stateTable.sql:13: NOTICE:  CREATE TABLE / PRIMARY KEY will create implicit index "state_type_pkey" for table "state_type"
CREATE TABLE
ALTER TABLE
COMMENT
SET
SET
SET
SET
SET
SET
SET
INSERT 0 1
INSERT 0 1
INSERT 0 1
INSERT 0 1
INSERT 0 1
INSERT 0 1
INSERT 0 1
INSERT 0 1
INSERT 0 1
INSERT 0 1
INSERT 0 1
INSERT 0 1
INSERT 0 1
INSERT 0 1
INSERT 0 1
INSERT 0 1
INSERT 0 1
INSERT 0 1
INSERT 0 1
INSERT 0 1
INSERT 0 1
INSERT 0 1
INSERT 0 1
INSERT 0 1
INSERT 0 1
INSERT 0 1
INSERT 0 1
INSERT 0 1
INSERT 0 1
INSERT 0 1
INSERT 0 1
INSERT 0 1
INSERT 0 1
INSERT 0 1
psql:../transition/07-setting_state.sql:1: ERROR:  duplicate key value violates unique constraint "setting_pkey"
DETAIL:  Key (name)=(state) already exists.
psql:../transition/07-setting_state.sql:2: ERROR:  duplicate key value violates unique constraint "setting_pkey"
DETAIL:  Key (name)=(featureFloatFront) already exists.
psql:../transition/07-setting_state.sql:3: ERROR:  duplicate key value violates unique constraint "setting_pkey"
DETAIL:  Key (name)=(featureFloatBack) already exists.
psql:../transition/07-setting_state.sql:4: ERROR:  duplicate key value violates unique constraint "setting_pkey"
DETAIL:  Key (name)=(featureFront) already exists.
psql:../transition/07-setting_state.sql:5: ERROR:  duplicate key value violates unique constraint "setting_pkey"
DETAIL:  Key (name)=(featureBack) already exists.
INSERT 0 0
Finished at 22:33:49.15 
